<?xml version="1.0" encoding="UTF-8"?>
<testsuite name="LogoLightTest" tests="4" skipped="0" failures="0" errors="0" timestamp="2021-02-22T13:36:28" hostname="DESKTOP-NIO2R51" time="2.25">
  <properties/>
  <testcase name="factory()" classname="LogoLightTest" time="0.535"/>
  <testcase name="methods()" classname="LogoLightTest" time="0.545"/>
  <testcase name="on()" classname="LogoLightTest" time="0.553"/>
  <testcase name="off()" classname="LogoLightTest" time="0.615"/>
  <system-out><![CDATA[



]]></system-out>
  <system-err><![CDATA[Feb 22, 2021 2:36:28 PM org.hsqldb.persist.Logger logInfoEvent
INFO: Database closed
Feb 22, 2021 2:36:29 PM org.hsqldb.persist.Logger logInfoEvent
INFO: Database closed
Feb 22, 2021 2:36:29 PM org.hsqldb.persist.Logger logInfoEvent
INFO: Database closed
Feb 22, 2021 2:36:30 PM org.hsqldb.persist.Logger logInfoEvent
INFO: Database closed
]]></system-err>
</testsuite>
