<?xml version="1.0" encoding="UTF-8"?>
<testsuite name="LandingLightTest" tests="4" skipped="0" failures="0" errors="0" timestamp="2021-02-22T13:36:19" hostname="DESKTOP-NIO2R51" time="2.266">
  <properties/>
  <testcase name="factory()" classname="LandingLightTest" time="0.598"/>
  <testcase name="methods()" classname="LandingLightTest" time="0.552"/>
  <testcase name="on()" classname="LandingLightTest" time="0.549"/>
  <testcase name="off()" classname="LandingLightTest" time="0.566"/>
  <system-out><![CDATA[



]]></system-out>
  <system-err><![CDATA[Feb 22, 2021 2:36:20 PM org.hsqldb.persist.Logger logInfoEvent
INFO: Database closed
Feb 22, 2021 2:36:20 PM org.hsqldb.persist.Logger logInfoEvent
INFO: Database closed
Feb 22, 2021 2:36:21 PM org.hsqldb.persist.Logger logInfoEvent
INFO: Database closed
Feb 22, 2021 2:36:21 PM org.hsqldb.persist.Logger logInfoEvent
INFO: Database closed
]]></system-err>
</testsuite>
