<?xml version="1.0" encoding="UTF-8"?>
<testsuite name="TemperatureSensorTest" tests="4" skipped="0" failures="0" errors="0" timestamp="2021-02-18T21:56:12" hostname="DESKTOP-NIO2R51" time="2.228">
  <properties/>
  <testcase name="factory()" classname="TemperatureSensorTest" time="0.527"/>
  <testcase name="alarm()" classname="TemperatureSensorTest" time="0.53"/>
  <testcase name="measure()" classname="TemperatureSensorTest" time="0.563"/>
  <testcase name="methods()" classname="TemperatureSensorTest" time="0.607"/>
  <system-out><![CDATA[
data exception: string data, right truncation;  table: DATA column: CLASSNAME
data exception: string data, right truncation;  table: DATA column: CLASSNAME
data exception: string data, right truncation;  table: DATA column: CLASSNAME

data exception: string data, right truncation;  table: DATA column: CLASSNAME
data exception: string data, right truncation;  table: DATA column: CLASSNAME
data exception: string data, right truncation;  table: DATA column: CLASSNAME

data exception: string data, right truncation;  table: DATA column: CLASSNAME
data exception: string data, right truncation;  table: DATA column: CLASSNAME
data exception: string data, right truncation;  table: DATA column: CLASSNAME

data exception: string data, right truncation;  table: DATA column: CLASSNAME
data exception: string data, right truncation;  table: DATA column: CLASSNAME
data exception: string data, right truncation;  table: DATA column: CLASSNAME
]]></system-out>
  <system-err><![CDATA[Feb 18, 2021 10:56:12 PM org.hsqldb.persist.Logger logInfoEvent
INFO: Database closed
Feb 18, 2021 10:56:13 PM org.hsqldb.persist.Logger logInfoEvent
INFO: Database closed
Feb 18, 2021 10:56:14 PM org.hsqldb.persist.Logger logInfoEvent
INFO: Database closed
Feb 18, 2021 10:56:14 PM org.hsqldb.persist.Logger logInfoEvent
INFO: Database closed
]]></system-err>
</testsuite>
