<?xml version="1.0" encoding="UTF-8"?>
<testsuite name="BatteryTest" tests="4" skipped="0" failures="0" errors="0" timestamp="2021-02-22T13:36:06" hostname="DESKTOP-NIO2R51" time="2.229">
  <properties/>
  <testcase name="factory()" classname="BatteryTest" time="0.603"/>
  <testcase name="methods()" classname="BatteryTest" time="0.553"/>
  <testcase name="charge()" classname="BatteryTest" time="0.55"/>
  <testcase name="discharge()" classname="BatteryTest" time="0.522"/>
  <system-out><![CDATA[



]]></system-out>
  <system-err><![CDATA[Feb 22, 2021 2:36:07 PM org.hsqldb.persist.Logger logInfoEvent
INFO: Database closed
Feb 22, 2021 2:36:07 PM org.hsqldb.persist.Logger logInfoEvent
INFO: Database closed
Feb 22, 2021 2:36:08 PM org.hsqldb.persist.Logger logInfoEvent
INFO: Database closed
Feb 22, 2021 2:36:08 PM org.hsqldb.persist.Logger logInfoEvent
INFO: Database closed
]]></system-err>
</testsuite>
