<?xml version="1.0" encoding="UTF-8"?>
<testsuite name="OxygenBottleTest" tests="4" skipped="0" failures="0" errors="0" timestamp="2021-02-21T23:45:38" hostname="LAPTOP-QL7HN0VU" time="1.592">
  <properties/>
  <testcase name="factory()" classname="OxygenBottleTest" time="0.797"/>
  <testcase name="methods()" classname="OxygenBottleTest" time="0.3"/>
  <testcase name="takeOut()" classname="OxygenBottleTest" time="0.243"/>
  <testcase name="refill()" classname="OxygenBottleTest" time="0.248"/>
  <system-out><![CDATA[

OxygenBottle$Port.takeOut()

OxygenBottle$Port.takeOut()

]]></system-out>
  <system-err><![CDATA[Feb. 22, 2021 12:45:39 AM org.hsqldb.persist.Logger logInfoEvent
INFO: Database closed
Feb. 22, 2021 12:45:39 AM org.hsqldb.persist.Logger logInfoEvent
INFO: Database closed
Feb. 22, 2021 12:45:39 AM org.hsqldb.persist.Logger logInfoEvent
INFO: Database closed
Feb. 22, 2021 12:45:40 AM org.hsqldb.persist.Logger logInfoEvent
INFO: Database closed
]]></system-err>
</testsuite>
