<?xml version="1.0" encoding="UTF-8"?>
<testsuite name="CargoCompartmentLightTest" tests="4" skipped="0" failures="0" errors="0" timestamp="2021-02-22T13:36:08" hostname="DESKTOP-NIO2R51" time="2.25">
  <properties/>
  <testcase name="factory()" classname="CargoCompartmentLightTest" time="0.565"/>
  <testcase name="methods()" classname="CargoCompartmentLightTest" time="0.551"/>
  <testcase name="on()" classname="CargoCompartmentLightTest" time="0.578"/>
  <testcase name="off()" classname="CargoCompartmentLightTest" time="0.554"/>
  <system-out><![CDATA[
data exception: string data, right truncation;  table: DATA column: CLASSNAME
data exception: string data, right truncation;  table: DATA column: CLASSNAME
data exception: string data, right truncation;  table: DATA column: CLASSNAME

data exception: string data, right truncation;  table: DATA column: CLASSNAME
data exception: string data, right truncation;  table: DATA column: CLASSNAME
data exception: string data, right truncation;  table: DATA column: CLASSNAME

data exception: string data, right truncation;  table: DATA column: CLASSNAME
data exception: string data, right truncation;  table: DATA column: CLASSNAME
data exception: string data, right truncation;  table: DATA column: CLASSNAME

data exception: string data, right truncation;  table: DATA column: CLASSNAME
data exception: string data, right truncation;  table: DATA column: CLASSNAME
data exception: string data, right truncation;  table: DATA column: CLASSNAME
]]></system-out>
  <system-err><![CDATA[Feb 22, 2021 2:36:09 PM org.hsqldb.persist.Logger logInfoEvent
INFO: Database closed
Feb 22, 2021 2:36:09 PM org.hsqldb.persist.Logger logInfoEvent
INFO: Database closed
Feb 22, 2021 2:36:10 PM org.hsqldb.persist.Logger logInfoEvent
INFO: Database closed
Feb 22, 2021 2:36:11 PM org.hsqldb.persist.Logger logInfoEvent
INFO: Database closed
]]></system-err>
</testsuite>
