<?xml version="1.0" encoding="UTF-8"?>
<testsuite name="AntiCollisionLightTest" tests="4" skipped="0" failures="0" errors="0" timestamp="2021-02-18T16:01:38" hostname="devman" time="0.525">
  <properties/>
  <testcase name="factory()" classname="AntiCollisionLightTest" time="0.117"/>
  <testcase name="methods()" classname="AntiCollisionLightTest" time="0.144"/>
  <testcase name="on()" classname="AntiCollisionLightTest" time="0.117"/>
  <testcase name="off()" classname="AntiCollisionLightTest" time="0.143"/>
  <system-out><![CDATA[
data exception: string data, right truncation;  table: DATA column: CLASSNAME
data exception: string data, right truncation;  table: DATA column: CLASSNAME
data exception: string data, right truncation;  table: DATA column: CLASSNAME

data exception: string data, right truncation;  table: DATA column: CLASSNAME
data exception: string data, right truncation;  table: DATA column: CLASSNAME
data exception: string data, right truncation;  table: DATA column: CLASSNAME

data exception: string data, right truncation;  table: DATA column: CLASSNAME
data exception: string data, right truncation;  table: DATA column: CLASSNAME
data exception: string data, right truncation;  table: DATA column: CLASSNAME

data exception: string data, right truncation;  table: DATA column: CLASSNAME
data exception: string data, right truncation;  table: DATA column: CLASSNAME
data exception: string data, right truncation;  table: DATA column: CLASSNAME
]]></system-out>
  <system-err><![CDATA[Feb. 18, 2021 5:01:38 PM org.hsqldb.persist.Logger logInfoEvent
INFO: Database closed
Feb. 18, 2021 5:01:38 PM org.hsqldb.persist.Logger logInfoEvent
INFO: Database closed
Feb. 18, 2021 5:01:39 PM org.hsqldb.persist.Logger logInfoEvent
INFO: Database closed
Feb. 18, 2021 5:01:39 PM org.hsqldb.persist.Logger logInfoEvent
INFO: Database closed
]]></system-err>
</testsuite>
