<?xml version="1.0" encoding="UTF-8"?>
<testsuite name="TestWeatherRadar" tests="15" skipped="0" failures="0" errors="0" timestamp="2021-02-17T15:30:36" hostname="devman" time="2.498">
  <properties/>
  <testcase name="factory()" classname="TestWeatherRadar" time="0.172"/>
  <testcase name="methods()" classname="TestWeatherRadar" time="0.188"/>
  <testcase name="on()" classname="TestWeatherRadar" time="0.182"/>
  <testcase name="scanCloud()" classname="TestWeatherRadar" time="0.17"/>
  <testcase name="scanBird()" classname="TestWeatherRadar" time="0.162"/>
  <testcase name="off()" classname="TestWeatherRadar" time="0.157"/>
  <testcase name="startup()" classname="TestWeatherRadar" time="0.16"/>
  <testcase name="taxi()" classname="TestWeatherRadar" time="0.161"/>
  <testcase name="takeoff()" classname="TestWeatherRadar" time="0.17"/>
  <testcase name="climbing()" classname="TestWeatherRadar" time="0.162"/>
  <testcase name="rightTurn()" classname="TestWeatherRadar" time="0.162"/>
  <testcase name="leftTurn()" classname="TestWeatherRadar" time="0.159"/>
  <testcase name="descent()" classname="TestWeatherRadar" time="0.161"/>
  <testcase name="landing()" classname="TestWeatherRadar" time="0.165"/>
  <testcase name="shutdown()" classname="TestWeatherRadar" time="0.145"/>
  <system-out><![CDATA[














]]></system-out>
  <system-err><![CDATA[Feb. 17, 2021 4:30:36 PM org.hsqldb.persist.Logger logInfoEvent
INFO: Database closed
Feb. 17, 2021 4:30:37 PM org.hsqldb.persist.Logger logInfoEvent
INFO: Database closed
Feb. 17, 2021 4:30:37 PM org.hsqldb.persist.Logger logInfoEvent
INFO: Database closed
Feb. 17, 2021 4:30:37 PM org.hsqldb.persist.Logger logInfoEvent
INFO: Database closed
Feb. 17, 2021 4:30:37 PM org.hsqldb.persist.Logger logInfoEvent
INFO: Database closed
Feb. 17, 2021 4:30:37 PM org.hsqldb.persist.Logger logInfoEvent
INFO: Database closed
Feb. 17, 2021 4:30:37 PM org.hsqldb.persist.Logger logInfoEvent
INFO: Database closed
Feb. 17, 2021 4:30:38 PM org.hsqldb.persist.Logger logInfoEvent
INFO: Database closed
Feb. 17, 2021 4:30:38 PM org.hsqldb.persist.Logger logInfoEvent
INFO: Database closed
Feb. 17, 2021 4:30:38 PM org.hsqldb.persist.Logger logInfoEvent
INFO: Database closed
Feb. 17, 2021 4:30:38 PM org.hsqldb.persist.Logger logInfoEvent
INFO: Database closed
Feb. 17, 2021 4:30:38 PM org.hsqldb.persist.Logger logInfoEvent
INFO: Database closed
Feb. 17, 2021 4:30:38 PM org.hsqldb.persist.Logger logInfoEvent
INFO: Database closed
Feb. 17, 2021 4:30:39 PM org.hsqldb.persist.Logger logInfoEvent
INFO: Database closed
Feb. 17, 2021 4:30:39 PM org.hsqldb.persist.Logger logInfoEvent
INFO: Database closed
]]></system-err>
</testsuite>
