<?xml version="1.0" encoding="UTF-8"?>
<testsuite name="RightAileronTest" tests="7" skipped="0" failures="0" errors="0" timestamp="2021-02-18T16:01:34" hostname="devman" time="0.986">
  <properties/>
  <testcase name="factory()" classname="RightAileronTest" time="0.142"/>
  <testcase name="methods()" classname="RightAileronTest" time="0.15"/>
  <testcase name="neutral()" classname="RightAileronTest" time="0.141"/>
  <testcase name="fullUp()" classname="RightAileronTest" time="0.127"/>
  <testcase name="fullDown()" classname="RightAileronTest" time="0.145"/>
  <testcase name="up()" classname="RightAileronTest" time="0.151"/>
  <testcase name="down()" classname="RightAileronTest" time="0.121"/>
  <system-out><![CDATA[






]]></system-out>
  <system-err><![CDATA[Feb. 18, 2021 5:01:34 PM org.hsqldb.persist.Logger logInfoEvent
INFO: Database closed
Feb. 18, 2021 5:01:34 PM org.hsqldb.persist.Logger logInfoEvent
INFO: Database closed
Feb. 18, 2021 5:01:35 PM org.hsqldb.persist.Logger logInfoEvent
INFO: Database closed
Feb. 18, 2021 5:01:35 PM org.hsqldb.persist.Logger logInfoEvent
INFO: Database closed
Feb. 18, 2021 5:01:35 PM org.hsqldb.persist.Logger logInfoEvent
INFO: Database closed
Feb. 18, 2021 5:01:35 PM org.hsqldb.persist.Logger logInfoEvent
INFO: Database closed
Feb. 18, 2021 5:01:35 PM org.hsqldb.persist.Logger logInfoEvent
INFO: Database closed
]]></system-err>
</testsuite>
