<?xml version="1.0" encoding="UTF-8"?>
<testsuite name="BatteryTest" tests="4" skipped="0" failures="0" errors="0" timestamp="2021-02-18T21:56:07" hostname="DESKTOP-NIO2R51" time="2.365">
  <properties/>
  <testcase name="factory()" classname="BatteryTest" time="0.522"/>
  <testcase name="methods()" classname="BatteryTest" time="0.703"/>
  <testcase name="charge()" classname="BatteryTest" time="0.525"/>
  <testcase name="discharge()" classname="BatteryTest" time="0.612"/>
  <system-out><![CDATA[



]]></system-out>
  <system-err><![CDATA[Feb 18, 2021 10:56:07 PM org.hsqldb.persist.Logger logInfoEvent
INFO: Database closed
Feb 18, 2021 10:56:08 PM org.hsqldb.persist.Logger logInfoEvent
INFO: Database closed
Feb 18, 2021 10:56:08 PM org.hsqldb.persist.Logger logInfoEvent
INFO: Database closed
Feb 18, 2021 10:56:09 PM org.hsqldb.persist.Logger logInfoEvent
INFO: Database closed
]]></system-err>
</testsuite>
