<?xml version="1.0" encoding="UTF-8"?>
<testsuite name="LeftAileronTest" tests="7" skipped="0" failures="0" errors="0" timestamp="2021-02-22T13:36:21" hostname="DESKTOP-NIO2R51" time="4.032">
  <properties/>
  <testcase name="factory()" classname="LeftAileronTest" time="0.595"/>
  <testcase name="methods()" classname="LeftAileronTest" time="0.581"/>
  <testcase name="neutral()" classname="LeftAileronTest" time="0.568"/>
  <testcase name="fullUp()" classname="LeftAileronTest" time="0.548"/>
  <testcase name="fullDown()" classname="LeftAileronTest" time="0.597"/>
  <testcase name="up()" classname="LeftAileronTest" time="0.596"/>
  <testcase name="down()" classname="LeftAileronTest" time="0.543"/>
  <system-out><![CDATA[






]]></system-out>
  <system-err><![CDATA[Feb 22, 2021 2:36:22 PM org.hsqldb.persist.Logger logInfoEvent
INFO: Database closed
Feb 22, 2021 2:36:23 PM org.hsqldb.persist.Logger logInfoEvent
INFO: Database closed
Feb 22, 2021 2:36:23 PM org.hsqldb.persist.Logger logInfoEvent
INFO: Database closed
Feb 22, 2021 2:36:24 PM org.hsqldb.persist.Logger logInfoEvent
INFO: Database closed
Feb 22, 2021 2:36:24 PM org.hsqldb.persist.Logger logInfoEvent
INFO: Database closed
Feb 22, 2021 2:36:25 PM org.hsqldb.persist.Logger logInfoEvent
INFO: Database closed
Feb 22, 2021 2:36:25 PM org.hsqldb.persist.Logger logInfoEvent
INFO: Database closed
]]></system-err>
</testsuite>
