<?xml version="1.0" encoding="UTF-8"?>
<testsuite name="TestRightAileron" tests="7" skipped="0" failures="0" errors="0" timestamp="2021-02-17T15:30:33" hostname="devman" time="2.359">
  <properties/>
  <testcase name="factory()" classname="TestRightAileron" time="1.043"/>
  <testcase name="methods()" classname="TestRightAileron" time="0.247"/>
  <testcase name="neutral()" classname="TestRightAileron" time="0.242"/>
  <testcase name="fullUp()" classname="TestRightAileron" time="0.222"/>
  <testcase name="fullDown()" classname="TestRightAileron" time="0.218"/>
  <testcase name="up()" classname="TestRightAileron" time="0.184"/>
  <testcase name="down()" classname="TestRightAileron" time="0.19"/>
  <system-out><![CDATA[






]]></system-out>
  <system-err><![CDATA[Feb. 17, 2021 4:30:34 PM org.hsqldb.persist.Logger logInfoEvent
INFO: Database closed
Feb. 17, 2021 4:30:34 PM org.hsqldb.persist.Logger logInfoEvent
INFO: Database closed
Feb. 17, 2021 4:30:35 PM org.hsqldb.persist.Logger logInfoEvent
INFO: Database closed
Feb. 17, 2021 4:30:35 PM org.hsqldb.persist.Logger logInfoEvent
INFO: Database closed
Feb. 17, 2021 4:30:35 PM org.hsqldb.persist.Logger logInfoEvent
INFO: Database closed
Feb. 17, 2021 4:30:35 PM org.hsqldb.persist.Logger logInfoEvent
INFO: Database closed
Feb. 17, 2021 4:30:36 PM org.hsqldb.persist.Logger logInfoEvent
INFO: Database closed
]]></system-err>
</testsuite>
