<?xml version="1.0" encoding="UTF-8"?>
<testsuite name="RudderTest" tests="7" skipped="0" failures="0" errors="0" timestamp="2021-02-18T16:01:29" hostname="devman" time="1.097">
  <properties/>
  <testcase name="factory()" classname="RudderTest" time="0.156"/>
  <testcase name="methods()" classname="RudderTest" time="0.15"/>
  <testcase name="neutral()" classname="RudderTest" time="0.159"/>
  <testcase name="fullLeft()" classname="RudderTest" time="0.157"/>
  <testcase name="fullRight()" classname="RudderTest" time="0.155"/>
  <testcase name="left()" classname="RudderTest" time="0.162"/>
  <testcase name="right()" classname="RudderTest" time="0.149"/>
  <system-out><![CDATA[






]]></system-out>
  <system-err><![CDATA[Feb. 18, 2021 5:01:29 PM org.hsqldb.persist.Logger logInfoEvent
INFO: Database closed
Feb. 18, 2021 5:01:29 PM org.hsqldb.persist.Logger logInfoEvent
INFO: Database closed
Feb. 18, 2021 5:01:29 PM org.hsqldb.persist.Logger logInfoEvent
INFO: Database closed
Feb. 18, 2021 5:01:29 PM org.hsqldb.persist.Logger logInfoEvent
INFO: Database closed
Feb. 18, 2021 5:01:30 PM org.hsqldb.persist.Logger logInfoEvent
INFO: Database closed
Feb. 18, 2021 5:01:30 PM org.hsqldb.persist.Logger logInfoEvent
INFO: Database closed
Feb. 18, 2021 5:01:30 PM org.hsqldb.persist.Logger logInfoEvent
INFO: Database closed
]]></system-err>
</testsuite>
