<?xml version="1.0" encoding="UTF-8"?>
<testsuite name="SlatTest" tests="6" skipped="0" failures="0" errors="0" timestamp="2021-02-18T16:01:32" hostname="devman" time="0.865">
  <properties/>
  <testcase name="factory()" classname="SlatTest" time="0.123"/>
  <testcase name="methods()" classname="SlatTest" time="0.146"/>
  <testcase name="neutral()" classname="SlatTest" time="0.148"/>
  <testcase name="fullDown()" classname="SlatTest" time="0.148"/>
  <testcase name="down()" classname="SlatTest" time="0.148"/>
  <testcase name="up()" classname="SlatTest" time="0.145"/>
  <system-out><![CDATA[





]]></system-out>
  <system-err><![CDATA[Feb. 18, 2021 5:01:32 PM org.hsqldb.persist.Logger logInfoEvent
INFO: Database closed
Feb. 18, 2021 5:01:32 PM org.hsqldb.persist.Logger logInfoEvent
INFO: Database closed
Feb. 18, 2021 5:01:33 PM org.hsqldb.persist.Logger logInfoEvent
INFO: Database closed
Feb. 18, 2021 5:01:33 PM org.hsqldb.persist.Logger logInfoEvent
INFO: Database closed
Feb. 18, 2021 5:01:33 PM org.hsqldb.persist.Logger logInfoEvent
INFO: Database closed
Feb. 18, 2021 5:01:33 PM org.hsqldb.persist.Logger logInfoEvent
INFO: Database closed
]]></system-err>
</testsuite>
