<?xml version="1.0" encoding="UTF-8"?>
<testsuite name="CargoCompartmentLightTest" tests="4" skipped="0" failures="0" errors="0" timestamp="2021-02-18T16:01:36" hostname="devman" time="0.561">
  <properties/>
  <testcase name="factory()" classname="CargoCompartmentLightTest" time="0.119"/>
  <testcase name="methods()" classname="CargoCompartmentLightTest" time="0.148"/>
  <testcase name="on()" classname="CargoCompartmentLightTest" time="0.144"/>
  <testcase name="off()" classname="CargoCompartmentLightTest" time="0.146"/>
  <system-out><![CDATA[
data exception: string data, right truncation;  table: DATA column: CLASSNAME
data exception: string data, right truncation;  table: DATA column: CLASSNAME
data exception: string data, right truncation;  table: DATA column: CLASSNAME

data exception: string data, right truncation;  table: DATA column: CLASSNAME
data exception: string data, right truncation;  table: DATA column: CLASSNAME
data exception: string data, right truncation;  table: DATA column: CLASSNAME

data exception: string data, right truncation;  table: DATA column: CLASSNAME
data exception: string data, right truncation;  table: DATA column: CLASSNAME
data exception: string data, right truncation;  table: DATA column: CLASSNAME

data exception: string data, right truncation;  table: DATA column: CLASSNAME
data exception: string data, right truncation;  table: DATA column: CLASSNAME
data exception: string data, right truncation;  table: DATA column: CLASSNAME
]]></system-out>
  <system-err><![CDATA[Feb. 18, 2021 5:01:36 PM org.hsqldb.persist.Logger logInfoEvent
INFO: Database closed
Feb. 18, 2021 5:01:36 PM org.hsqldb.persist.Logger logInfoEvent
INFO: Database closed
Feb. 18, 2021 5:01:36 PM org.hsqldb.persist.Logger logInfoEvent
INFO: Database closed
Feb. 18, 2021 5:01:36 PM org.hsqldb.persist.Logger logInfoEvent
INFO: Database closed
]]></system-err>
</testsuite>
