<?xml version="1.0" encoding="UTF-8"?>
<testsuite name="RouteManagementTest" tests="7" skipped="0" failures="0" errors="0" timestamp="2021-02-22T13:36:35" hostname="DESKTOP-NIO2R51" time="1.815">
  <properties/>
  <testcase name="factory()" classname="RouteManagementTest" time="0.271"/>
  <testcase name="methods()" classname="RouteManagementTest" time="0.279"/>
  <testcase name="on()" classname="RouteManagementTest" time="0.235"/>
  <testcase name="off()" classname="RouteManagementTest" time="0.248"/>
  <testcase name="add()" classname="RouteManagementTest" time="0.253"/>
  <testcase name="remove()" classname="RouteManagementTest" time="0.278"/>
  <testcase name="setCostIndex()" classname="RouteManagementTest" time="0.249"/>
  <system-out><![CDATA[
data exception: string data, right truncation;  table: DATA column: CLASSNAME
data exception: string data, right truncation;  table: DATA column: CLASSNAME
data exception: string data, right truncation;  table: DATA column: CLASSNAME

data exception: string data, right truncation;  table: DATA column: CLASSNAME
data exception: string data, right truncation;  table: DATA column: CLASSNAME
data exception: string data, right truncation;  table: DATA column: CLASSNAME
RouteManagement$Port.add(event.route_management.CheckPoint)

data exception: string data, right truncation;  table: DATA column: CLASSNAME
data exception: string data, right truncation;  table: DATA column: CLASSNAME
data exception: string data, right truncation;  table: DATA column: CLASSNAME

data exception: string data, right truncation;  table: DATA column: CLASSNAME
data exception: string data, right truncation;  table: DATA column: CLASSNAME
data exception: string data, right truncation;  table: DATA column: CLASSNAME

data exception: string data, right truncation;  table: DATA column: CLASSNAME
data exception: string data, right truncation;  table: DATA column: CLASSNAME
data exception: string data, right truncation;  table: DATA column: CLASSNAME
RouteManagement$Port.add(event.route_management.CheckPoint)

data exception: string data, right truncation;  table: DATA column: CLASSNAME
data exception: string data, right truncation;  table: DATA column: CLASSNAME
data exception: string data, right truncation;  table: DATA column: CLASSNAME
RouteManagement$Port.add(event.route_management.CheckPoint)

CostOptimizer$Port.setCostIndex(int)
]]></system-out>
  <system-err><![CDATA[Feb 22, 2021 2:36:36 PM org.hsqldb.persist.Logger logInfoEvent
INFO: Database closed
Feb 22, 2021 2:36:36 PM org.hsqldb.persist.Logger logInfoEvent
INFO: Database closed
Feb 22, 2021 2:36:36 PM org.hsqldb.persist.Logger logInfoEvent
INFO: Database closed
Feb 22, 2021 2:36:36 PM org.hsqldb.persist.Logger logInfoEvent
INFO: Database closed
Feb 22, 2021 2:36:37 PM org.hsqldb.persist.Logger logInfoEvent
INFO: Database closed
Feb 22, 2021 2:36:37 PM org.hsqldb.persist.Logger logInfoEvent
INFO: Database closed
Feb 22, 2021 2:36:37 PM org.hsqldb.persist.Logger logInfoEvent
INFO: Database closed
]]></system-err>
</testsuite>
