<?xml version="1.0" encoding="UTF-8"?>
<testsuite name="RudderTest" tests="7" skipped="0" failures="0" errors="0" timestamp="2021-02-22T13:36:37" hostname="DESKTOP-NIO2R51" time="1.9">
  <properties/>
  <testcase name="factory()" classname="RudderTest" time="0.295"/>
  <testcase name="methods()" classname="RudderTest" time="0.249"/>
  <testcase name="neutral()" classname="RudderTest" time="0.281"/>
  <testcase name="fullLeft()" classname="RudderTest" time="0.278"/>
  <testcase name="fullRight()" classname="RudderTest" time="0.246"/>
  <testcase name="left()" classname="RudderTest" time="0.27"/>
  <testcase name="right()" classname="RudderTest" time="0.277"/>
  <system-out><![CDATA[






]]></system-out>
  <system-err><![CDATA[Feb 22, 2021 2:36:37 PM org.hsqldb.persist.Logger logInfoEvent
INFO: Database closed
Feb 22, 2021 2:36:38 PM org.hsqldb.persist.Logger logInfoEvent
INFO: Database closed
Feb 22, 2021 2:36:38 PM org.hsqldb.persist.Logger logInfoEvent
INFO: Database closed
Feb 22, 2021 2:36:38 PM org.hsqldb.persist.Logger logInfoEvent
INFO: Database closed
Feb 22, 2021 2:36:38 PM org.hsqldb.persist.Logger logInfoEvent
INFO: Database closed
Feb 22, 2021 2:36:39 PM org.hsqldb.persist.Logger logInfoEvent
INFO: Database closed
Feb 22, 2021 2:36:39 PM org.hsqldb.persist.Logger logInfoEvent
INFO: Database closed
]]></system-err>
</testsuite>
