<?xml version="1.0" encoding="UTF-8"?>
<testsuite name="LeftNavigationLightTest" tests="4" skipped="0" failures="0" errors="0" timestamp="2021-02-18T16:01:27" hostname="devman" time="0.814">
  <properties/>
  <testcase name="factory()" classname="LeftNavigationLightTest" time="0.342"/>
  <testcase name="methods()" classname="LeftNavigationLightTest" time="0.15"/>
  <testcase name="on()" classname="LeftNavigationLightTest" time="0.178"/>
  <testcase name="off()" classname="LeftNavigationLightTest" time="0.141"/>
  <system-out><![CDATA[
data exception: string data, right truncation;  table: DATA column: CLASSNAME
data exception: string data, right truncation;  table: DATA column: CLASSNAME
data exception: string data, right truncation;  table: DATA column: CLASSNAME

data exception: string data, right truncation;  table: DATA column: CLASSNAME
data exception: string data, right truncation;  table: DATA column: CLASSNAME
data exception: string data, right truncation;  table: DATA column: CLASSNAME

data exception: string data, right truncation;  table: DATA column: CLASSNAME
data exception: string data, right truncation;  table: DATA column: CLASSNAME
data exception: string data, right truncation;  table: DATA column: CLASSNAME

data exception: string data, right truncation;  table: DATA column: CLASSNAME
data exception: string data, right truncation;  table: DATA column: CLASSNAME
data exception: string data, right truncation;  table: DATA column: CLASSNAME
]]></system-out>
  <system-err><![CDATA[Feb. 18, 2021 5:01:27 PM org.hsqldb.persist.Logger logInfoEvent
INFO: Database closed
Feb. 18, 2021 5:01:28 PM org.hsqldb.persist.Logger logInfoEvent
INFO: Database closed
Feb. 18, 2021 5:01:28 PM org.hsqldb.persist.Logger logInfoEvent
INFO: Database closed
Feb. 18, 2021 5:01:28 PM org.hsqldb.persist.Logger logInfoEvent
INFO: Database closed
]]></system-err>
</testsuite>
