<?xml version="1.0" encoding="UTF-8"?>
<testsuite name="WeatherRadarTest" tests="15" skipped="0" failures="0" errors="0" timestamp="2021-02-22T13:36:43" hostname="DESKTOP-NIO2R51" time="4.046">
  <properties/>
  <testcase name="factory()" classname="WeatherRadarTest" time="0.264"/>
  <testcase name="methods()" classname="WeatherRadarTest" time="0.295"/>
  <testcase name="on()" classname="WeatherRadarTest" time="0.251"/>
  <testcase name="scanCloud()" classname="WeatherRadarTest" time="0.251"/>
  <testcase name="scanBird()" classname="WeatherRadarTest" time="0.282"/>
  <testcase name="off()" classname="WeatherRadarTest" time="0.307"/>
  <testcase name="startup()" classname="WeatherRadarTest" time="0.251"/>
  <testcase name="taxi()" classname="WeatherRadarTest" time="0.248"/>
  <testcase name="takeoff()" classname="WeatherRadarTest" time="0.264"/>
  <testcase name="climbing()" classname="WeatherRadarTest" time="0.263"/>
  <testcase name="rightTurn()" classname="WeatherRadarTest" time="0.264"/>
  <testcase name="leftTurn()" classname="WeatherRadarTest" time="0.249"/>
  <testcase name="descent()" classname="WeatherRadarTest" time="0.324"/>
  <testcase name="landing()" classname="WeatherRadarTest" time="0.278"/>
  <testcase name="shutdown()" classname="WeatherRadarTest" time="0.25"/>
  <system-out><![CDATA[














]]></system-out>
  <system-err><![CDATA[Feb 22, 2021 2:36:44 PM org.hsqldb.persist.Logger logInfoEvent
INFO: Database closed
Feb 22, 2021 2:36:44 PM org.hsqldb.persist.Logger logInfoEvent
INFO: Database closed
Feb 22, 2021 2:36:44 PM org.hsqldb.persist.Logger logInfoEvent
INFO: Database closed
Feb 22, 2021 2:36:44 PM org.hsqldb.persist.Logger logInfoEvent
INFO: Database closed
Feb 22, 2021 2:36:45 PM org.hsqldb.persist.Logger logInfoEvent
INFO: Database closed
Feb 22, 2021 2:36:45 PM org.hsqldb.persist.Logger logInfoEvent
INFO: Database closed
Feb 22, 2021 2:36:45 PM org.hsqldb.persist.Logger logInfoEvent
INFO: Database closed
Feb 22, 2021 2:36:46 PM org.hsqldb.persist.Logger logInfoEvent
INFO: Database closed
Feb 22, 2021 2:36:46 PM org.hsqldb.persist.Logger logInfoEvent
INFO: Database closed
Feb 22, 2021 2:36:46 PM org.hsqldb.persist.Logger logInfoEvent
INFO: Database closed
Feb 22, 2021 2:36:46 PM org.hsqldb.persist.Logger logInfoEvent
INFO: Database closed
Feb 22, 2021 2:36:47 PM org.hsqldb.persist.Logger logInfoEvent
INFO: Database closed
Feb 22, 2021 2:36:47 PM org.hsqldb.persist.Logger logInfoEvent
INFO: Database closed
Feb 22, 2021 2:36:47 PM org.hsqldb.persist.Logger logInfoEvent
INFO: Database closed
Feb 22, 2021 2:36:47 PM org.hsqldb.persist.Logger logInfoEvent
INFO: Database closed
]]></system-err>
</testsuite>
