<?xml version="1.0" encoding="UTF-8"?>
<testsuite name="CostOptimizerTest" tests="8" skipped="0" failures="0" errors="0" timestamp="2021-02-22T13:36:11" hostname="DESKTOP-NIO2R51" time="4.455">
  <properties/>
  <testcase name="factory()" classname="CostOptimizerTest" time="0.595"/>
  <testcase name="methods()" classname="CostOptimizerTest" time="0.564"/>
  <testcase name="on()" classname="CostOptimizerTest" time="0.545"/>
  <testcase name="off()" classname="CostOptimizerTest" time="0.545"/>
  <testcase name="add()" classname="CostOptimizerTest" time="0.535"/>
  <testcase name="remove()" classname="CostOptimizerTest" time="0.549"/>
  <testcase name="optimize()" classname="CostOptimizerTest" time="0.549"/>
  <testcase name="validate()" classname="CostOptimizerTest" time="0.567"/>
  <system-out><![CDATA[

CostOptimizer$Port.add(event.route_management.CheckPoint)



CostOptimizer$Port.add(event.route_management.CheckPoint)

CostOptimizer$Port.add(event.route_management.CheckPoint)
null


null
]]></system-out>
  <system-err><![CDATA[Feb 22, 2021 2:36:11 PM org.hsqldb.persist.Logger logInfoEvent
INFO: Database closed
Feb 22, 2021 2:36:12 PM org.hsqldb.persist.Logger logInfoEvent
INFO: Database closed
Feb 22, 2021 2:36:12 PM org.hsqldb.persist.Logger logInfoEvent
INFO: Database closed
Feb 22, 2021 2:36:13 PM org.hsqldb.persist.Logger logInfoEvent
INFO: Database closed
Feb 22, 2021 2:36:13 PM org.hsqldb.persist.Logger logInfoEvent
INFO: Database closed
Feb 22, 2021 2:36:14 PM org.hsqldb.persist.Logger logInfoEvent
INFO: Database closed
Feb 22, 2021 2:36:14 PM org.hsqldb.persist.Logger logInfoEvent
INFO: Database closed
Feb 22, 2021 2:36:15 PM org.hsqldb.persist.Logger logInfoEvent
INFO: Database closed
]]></system-err>
</testsuite>
