<?xml version="1.0" encoding="UTF-8"?>
<testsuite name="RightAileronTest" tests="7" skipped="0" failures="0" errors="0" timestamp="2021-02-22T13:36:33" hostname="DESKTOP-NIO2R51" time="2.45">
  <properties/>
  <testcase name="factory()" classname="RightAileronTest" time="0.394"/>
  <testcase name="methods()" classname="RightAileronTest" time="0.625"/>
  <testcase name="neutral()" classname="RightAileronTest" time="0.265"/>
  <testcase name="fullUp()" classname="RightAileronTest" time="0.295"/>
  <testcase name="fullDown()" classname="RightAileronTest" time="0.275"/>
  <testcase name="up()" classname="RightAileronTest" time="0.277"/>
  <testcase name="down()" classname="RightAileronTest" time="0.315"/>
  <system-out><![CDATA[






]]></system-out>
  <system-err><![CDATA[Feb 22, 2021 2:36:33 PM org.hsqldb.persist.Logger logInfoEvent
INFO: Database closed
Feb 22, 2021 2:36:34 PM org.hsqldb.persist.Logger logInfoEvent
INFO: Database closed
Feb 22, 2021 2:36:34 PM org.hsqldb.persist.Logger logInfoEvent
INFO: Database closed
Feb 22, 2021 2:36:34 PM org.hsqldb.persist.Logger logInfoEvent
INFO: Database closed
Feb 22, 2021 2:36:35 PM org.hsqldb.persist.Logger logInfoEvent
INFO: Database closed
Feb 22, 2021 2:36:35 PM org.hsqldb.persist.Logger logInfoEvent
INFO: Database closed
Feb 22, 2021 2:36:35 PM org.hsqldb.persist.Logger logInfoEvent
INFO: Database closed
]]></system-err>
</testsuite>
