<?xml version="1.0" encoding="UTF-8"?>
<testsuite name="AntiCollisionLightTest" tests="4" skipped="0" failures="0" errors="0" timestamp="2021-02-22T13:36:04" hostname="DESKTOP-NIO2R51" time="2.196">
  <properties/>
  <testcase name="factory()" classname="AntiCollisionLightTest" time="0.547"/>
  <testcase name="methods()" classname="AntiCollisionLightTest" time="0.564"/>
  <testcase name="on()" classname="AntiCollisionLightTest" time="0.538"/>
  <testcase name="off()" classname="AntiCollisionLightTest" time="0.543"/>
  <system-out><![CDATA[
data exception: string data, right truncation;  table: DATA column: CLASSNAME
data exception: string data, right truncation;  table: DATA column: CLASSNAME
data exception: string data, right truncation;  table: DATA column: CLASSNAME

data exception: string data, right truncation;  table: DATA column: CLASSNAME
data exception: string data, right truncation;  table: DATA column: CLASSNAME
data exception: string data, right truncation;  table: DATA column: CLASSNAME

data exception: string data, right truncation;  table: DATA column: CLASSNAME
data exception: string data, right truncation;  table: DATA column: CLASSNAME
data exception: string data, right truncation;  table: DATA column: CLASSNAME

data exception: string data, right truncation;  table: DATA column: CLASSNAME
data exception: string data, right truncation;  table: DATA column: CLASSNAME
data exception: string data, right truncation;  table: DATA column: CLASSNAME
]]></system-out>
  <system-err><![CDATA[Feb 22, 2021 2:36:04 PM org.hsqldb.persist.Logger logInfoEvent
INFO: Database closed
Feb 22, 2021 2:36:05 PM org.hsqldb.persist.Logger logInfoEvent
INFO: Database closed
Feb 22, 2021 2:36:05 PM org.hsqldb.persist.Logger logInfoEvent
INFO: Database closed
Feb 22, 2021 2:36:06 PM org.hsqldb.persist.Logger logInfoEvent
INFO: Database closed
]]></system-err>
</testsuite>
