<?xml version="1.0" encoding="UTF-8"?>
<testsuite name="LeftNavigationLightTest" tests="4" skipped="0" failures="0" errors="0" timestamp="2021-02-22T13:36:26" hostname="DESKTOP-NIO2R51" time="2.202">
  <properties/>
  <testcase name="factory()" classname="LeftNavigationLightTest" time="0.554"/>
  <testcase name="methods()" classname="LeftNavigationLightTest" time="0.533"/>
  <testcase name="on()" classname="LeftNavigationLightTest" time="0.58"/>
  <testcase name="off()" classname="LeftNavigationLightTest" time="0.533"/>
  <system-out><![CDATA[
data exception: string data, right truncation;  table: DATA column: CLASSNAME
data exception: string data, right truncation;  table: DATA column: CLASSNAME
data exception: string data, right truncation;  table: DATA column: CLASSNAME

data exception: string data, right truncation;  table: DATA column: CLASSNAME
data exception: string data, right truncation;  table: DATA column: CLASSNAME
data exception: string data, right truncation;  table: DATA column: CLASSNAME

data exception: string data, right truncation;  table: DATA column: CLASSNAME
data exception: string data, right truncation;  table: DATA column: CLASSNAME
data exception: string data, right truncation;  table: DATA column: CLASSNAME

data exception: string data, right truncation;  table: DATA column: CLASSNAME
data exception: string data, right truncation;  table: DATA column: CLASSNAME
data exception: string data, right truncation;  table: DATA column: CLASSNAME
]]></system-out>
  <system-err><![CDATA[Feb 22, 2021 2:36:26 PM org.hsqldb.persist.Logger logInfoEvent
INFO: Database closed
Feb 22, 2021 2:36:27 PM org.hsqldb.persist.Logger logInfoEvent
INFO: Database closed
Feb 22, 2021 2:36:27 PM org.hsqldb.persist.Logger logInfoEvent
INFO: Database closed
Feb 22, 2021 2:36:28 PM org.hsqldb.persist.Logger logInfoEvent
INFO: Database closed
]]></system-err>
</testsuite>
