<?xml version="1.0" encoding="UTF-8"?>
<testsuite name="AirflowSensorTest" tests="4" skipped="0" failures="0" errors="0" timestamp="2021-02-22T13:36:01" hostname="DESKTOP-NIO2R51" time="2.982">
  <properties/>
  <testcase name="factory()" classname="AirflowSensorTest" time="1.245"/>
  <testcase name="alarm()" classname="AirflowSensorTest" time="0.618"/>
  <testcase name="measure()" classname="AirflowSensorTest" time="0.565"/>
  <testcase name="methods()" classname="AirflowSensorTest" time="0.55"/>
  <system-out><![CDATA[user lacks privilege or object not found: DATA in statement [DROP TABLE data]




]]></system-out>
  <system-err><![CDATA[Feb 22, 2021 2:36:01 PM org.hsqldb.persist.Logger logInfoEvent
INFO: Checkpoint start
Feb 22, 2021 2:36:01 PM org.hsqldb.persist.Logger logInfoEvent
INFO: checkpointClose start
Feb 22, 2021 2:36:01 PM org.hsqldb.persist.Logger logInfoEvent
INFO: checkpointClose synched
Feb 22, 2021 2:36:01 PM org.hsqldb.persist.Logger logInfoEvent
INFO: checkpointClose script done
Feb 22, 2021 2:36:02 PM org.hsqldb.persist.Logger logInfoEvent
INFO: checkpointClose end
Feb 22, 2021 2:36:02 PM org.hsqldb.persist.Logger logInfoEvent
INFO: Checkpoint end - txts: 1
Feb 22, 2021 2:36:02 PM org.hsqldb.persist.Logger logInfoEvent
INFO: Database closed
Feb 22, 2021 2:36:03 PM org.hsqldb.persist.Logger logInfoEvent
INFO: Database closed
Feb 22, 2021 2:36:03 PM org.hsqldb.persist.Logger logInfoEvent
INFO: Database closed
Feb 22, 2021 2:36:04 PM org.hsqldb.persist.Logger logInfoEvent
INFO: Database closed
]]></system-err>
</testsuite>
