<?xml version="1.0" encoding="UTF-8"?>
<testsuite name="SlatTest" tests="6" skipped="0" failures="0" errors="0" timestamp="2021-02-22T13:36:39" hostname="DESKTOP-NIO2R51" time="1.592">
  <properties/>
  <testcase name="factory()" classname="SlatTest" time="0.263"/>
  <testcase name="methods()" classname="SlatTest" time="0.254"/>
  <testcase name="neutral()" classname="SlatTest" time="0.282"/>
  <testcase name="fullDown()" classname="SlatTest" time="0.263"/>
  <testcase name="down()" classname="SlatTest" time="0.28"/>
  <testcase name="up()" classname="SlatTest" time="0.248"/>
  <system-out><![CDATA[





]]></system-out>
  <system-err><![CDATA[Feb 22, 2021 2:36:39 PM org.hsqldb.persist.Logger logInfoEvent
INFO: Database closed
Feb 22, 2021 2:36:40 PM org.hsqldb.persist.Logger logInfoEvent
INFO: Database closed
Feb 22, 2021 2:36:40 PM org.hsqldb.persist.Logger logInfoEvent
INFO: Database closed
Feb 22, 2021 2:36:40 PM org.hsqldb.persist.Logger logInfoEvent
INFO: Database closed
Feb 22, 2021 2:36:40 PM org.hsqldb.persist.Logger logInfoEvent
INFO: Database closed
Feb 22, 2021 2:36:41 PM org.hsqldb.persist.Logger logInfoEvent
INFO: Database closed
]]></system-err>
</testsuite>
