<?xml version="1.0" encoding="UTF-8"?>
<testsuite name="SpoilerTest" tests="6" skipped="0" failures="0" errors="0" timestamp="2021-02-22T13:36:41" hostname="DESKTOP-NIO2R51" time="1.695">
  <properties/>
  <testcase name="factory()" classname="SpoilerTest" time="0.288"/>
  <testcase name="methods()" classname="SpoilerTest" time="0.312"/>
  <testcase name="neutral()" classname="SpoilerTest" time="0.294"/>
  <testcase name="fullUp()" classname="SpoilerTest" time="0.279"/>
  <testcase name="up()" classname="SpoilerTest" time="0.267"/>
  <testcase name="down()" classname="SpoilerTest" time="0.252"/>
  <system-out><![CDATA[





]]></system-out>
  <system-err><![CDATA[Feb 22, 2021 2:36:41 PM org.hsqldb.persist.Logger logInfoEvent
INFO: Database closed
Feb 22, 2021 2:36:41 PM org.hsqldb.persist.Logger logInfoEvent
INFO: Database closed
Feb 22, 2021 2:36:41 PM org.hsqldb.persist.Logger logInfoEvent
INFO: Database closed
Feb 22, 2021 2:36:42 PM org.hsqldb.persist.Logger logInfoEvent
INFO: Database closed
Feb 22, 2021 2:36:42 PM org.hsqldb.persist.Logger logInfoEvent
INFO: Database closed
Feb 22, 2021 2:36:42 PM org.hsqldb.persist.Logger logInfoEvent
INFO: Database closed
]]></system-err>
</testsuite>
