<?xml version="1.0" encoding="UTF-8"?>
<testsuite name="DeIcingSystemTest" tests="6" skipped="0" failures="0" errors="0" timestamp="2021-02-22T13:36:15" hostname="DESKTOP-NIO2R51" time="4.143">
  <properties/>
  <testcase name="deactivate()" classname="DeIcingSystemTest" time="0.565"/>
  <testcase name="activate()" classname="DeIcingSystemTest" time="0.553"/>
  <testcase name="factory()" classname="DeIcingSystemTest" time="0.566"/>
  <testcase name="refill()" classname="DeIcingSystemTest" time="1.304"/>
  <testcase name="deIce()" classname="DeIcingSystemTest" time="0.589"/>
  <testcase name="methods()" classname="DeIcingSystemTest" time="0.563"/>
  <system-out><![CDATA[





]]></system-out>
  <system-err><![CDATA[Feb 22, 2021 2:36:16 PM org.hsqldb.persist.Logger logInfoEvent
INFO: Database closed
Feb 22, 2021 2:36:16 PM org.hsqldb.persist.Logger logInfoEvent
INFO: Database closed
Feb 22, 2021 2:36:17 PM org.hsqldb.persist.Logger logInfoEvent
INFO: Database closed
Feb 22, 2021 2:36:18 PM org.hsqldb.persist.Logger logInfoEvent
INFO: Database closed
Feb 22, 2021 2:36:19 PM org.hsqldb.persist.Logger logInfoEvent
INFO: Database closed
Feb 22, 2021 2:36:19 PM org.hsqldb.persist.Logger logInfoEvent
INFO: Database closed
]]></system-err>
</testsuite>
