<?xml version="1.0" encoding="UTF-8"?>
<testsuite name="TestTurbulentAirFlowSensor" tests="4" skipped="0" failures="0" errors="0" timestamp="2021-02-19T14:33:02" hostname="DESKTOP-DLH5840" time="1.078">
  <properties/>
  <testcase name="factory()" classname="TestTurbulentAirFlowSensor" time="0.45"/>
  <testcase name="methods()" classname="TestTurbulentAirFlowSensor" time="0.211"/>
  <testcase name="measure()" classname="TestTurbulentAirFlowSensor" time="0.245"/>
  <testcase name="alarm()" classname="TestTurbulentAirFlowSensor" time="0.168"/>
  <system-out><![CDATA[
data exception: string data, right truncation;  table: DATA column: CLASSNAME
data exception: string data, right truncation;  table: DATA column: CLASSNAME
data exception: string data, right truncation;  table: DATA column: CLASSNAME

data exception: string data, right truncation;  table: DATA column: CLASSNAME
data exception: string data, right truncation;  table: DATA column: CLASSNAME
data exception: string data, right truncation;  table: DATA column: CLASSNAME
TurbulentAirFlowSensor$Port.measure()

data exception: string data, right truncation;  table: DATA column: CLASSNAME
data exception: string data, right truncation;  table: DATA column: CLASSNAME
data exception: string data, right truncation;  table: DATA column: CLASSNAME
TurbulentAirFlowSensor$Port.measure()

data exception: string data, right truncation;  table: DATA column: CLASSNAME
data exception: string data, right truncation;  table: DATA column: CLASSNAME
data exception: string data, right truncation;  table: DATA column: CLASSNAME
]]></system-out>
  <system-err><![CDATA[Feb. 19, 2021 3:33:03 PM org.hsqldb.persist.Logger logInfoEvent
INFO: Database closed
Feb. 19, 2021 3:33:03 PM org.hsqldb.persist.Logger logInfoEvent
INFO: Database closed
Feb. 19, 2021 3:33:03 PM org.hsqldb.persist.Logger logInfoEvent
INFO: Database closed
Feb. 19, 2021 3:33:03 PM org.hsqldb.persist.Logger logInfoEvent
INFO: Database closed
]]></system-err>
</testsuite>
