<?xml version="1.0" encoding="UTF-8"?>
<testsuite name="TestAntiCollisionLight" tests="4" skipped="0" failures="0" errors="0" timestamp="2021-02-17T15:30:36" hostname="devman" time="0.738">
  <properties/>
  <testcase name="factory()" classname="TestAntiCollisionLight" time="0.189"/>
  <testcase name="methods()" classname="TestAntiCollisionLight" time="0.201"/>
  <testcase name="on()" classname="TestAntiCollisionLight" time="0.167"/>
  <testcase name="off()" classname="TestAntiCollisionLight" time="0.175"/>
  <system-out><![CDATA[
data exception: string data, right truncation;  table: DATA column: CLASSNAME
data exception: string data, right truncation;  table: DATA column: CLASSNAME
data exception: string data, right truncation;  table: DATA column: CLASSNAME

data exception: string data, right truncation;  table: DATA column: CLASSNAME
data exception: string data, right truncation;  table: DATA column: CLASSNAME
data exception: string data, right truncation;  table: DATA column: CLASSNAME

data exception: string data, right truncation;  table: DATA column: CLASSNAME
data exception: string data, right truncation;  table: DATA column: CLASSNAME
data exception: string data, right truncation;  table: DATA column: CLASSNAME

]]></system-out>
  <system-err><![CDATA[Feb. 17, 2021 4:30:36 PM org.hsqldb.persist.Logger logInfoEvent
INFO: Database closed
Feb. 17, 2021 4:30:36 PM org.hsqldb.persist.Logger logInfoEvent
INFO: Database closed
Feb. 17, 2021 4:30:36 PM org.hsqldb.persist.Logger logInfoEvent
INFO: Database closed
Feb. 17, 2021 4:30:36 PM org.hsqldb.persist.Logger logInfoEvent
INFO: Database closed
]]></system-err>
</testsuite>
